2024-06-04 08:16:12,008.emitter_of_tasks.INFO ==================================================
2024-06-04 08:16:12,008.emitter_of_tasks.INFO Today is 2024-06-04 at 08:16 AM
2024-06-04 08:16:12,008.emitter_of_tasks.INFO Running on: nt Windows 10
2024-06-04 08:16:12,009.emitter_of_tasks.INFO Python version:  3.11.9
2024-06-04 08:16:12,009.emitter_of_tasks.INFO Python path: C:\Program Files\WindowsApps\PythonSoftwareFoundation.Python.3.11_3.11.2544.0_x64__qbz5n2kfra8p0
2024-06-04 08:16:12,009.emitter_of_tasks.INFO Working dir: C:\Users\timgo\Desktop\School\Summer2024\Data Streaming\Week 5\streaming-05-smart-smoker
2024-06-04 08:16:12,009.emitter_of_tasks.INFO ==================================================
2024-06-04 08:16:12,009.emitter_of_tasks.INFO Beginning process: __main__
2024-06-04 08:16:14,466.emitter_of_tasks.INFO Attempting to access smoker-temps.csv
2024-06-04 08:16:14,480.emitter_of_tasks.INFO 05/22/21 12:20:15 - Row Injested: smokerTemp='84.2', foodATemp='', foodBTemp=''
2024-06-04 08:16:14,504.emitter_of_tasks.INFO calling send_message('localhost', '01-smoker', message)
2024-06-04 08:16:14,504.emitter_of_tasks.INFO send_message(host='localhost', queue_name='01-smoker', message=b'A\xd8*OS\xc0\x00\x00B\xa8ff')
2024-06-04 08:16:14,518.emitter_of_tasks.INFO connection opened: host='localhost', queue_name='01-smoker'
2024-06-04 08:16:14,520.emitter_of_tasks.INFO  [x] Sent b'A\xd8*OS\xc0\x00\x00B\xa8ff'
2024-06-04 08:16:14,521.emitter_of_tasks.INFO connection closed: host='localhost', queue_name='01-smoker'
2024-06-04 08:16:44,522.emitter_of_tasks.INFO 05/22/21 12:20:20 - Row Injested: smokerTemp='84.2', foodATemp='', foodBTemp=''
2024-06-04 08:16:44,525.emitter_of_tasks.INFO calling send_message('localhost', '01-smoker', message)
2024-06-04 08:16:44,527.emitter_of_tasks.INFO send_message(host='localhost', queue_name='01-smoker', message=b'A\xd8*OU\x00\x00\x00B\xa8ff')
2024-06-04 08:16:44,561.emitter_of_tasks.INFO connection opened: host='localhost', queue_name='01-smoker'
2024-06-04 08:16:44,569.emitter_of_tasks.INFO  [x] Sent b'A\xd8*OU\x00\x00\x00B\xa8ff'
2024-06-04 08:16:44,572.emitter_of_tasks.INFO connection closed: host='localhost', queue_name='01-smoker'
2024-06-04 08:17:14,573.emitter_of_tasks.INFO 05/22/21 12:21:10 - Row Injested: smokerTemp='87.6', foodATemp='', foodBTemp=''
2024-06-04 08:17:14,576.emitter_of_tasks.INFO calling send_message('localhost', '01-smoker', message)
2024-06-04 08:17:14,579.emitter_of_tasks.INFO send_message(host='localhost', queue_name='01-smoker', message=b'A\xd8*Oa\x80\x00\x00B\xaf33')
2024-06-04 08:17:14,623.emitter_of_tasks.INFO connection opened: host='localhost', queue_name='01-smoker'
2024-06-04 08:17:14,625.emitter_of_tasks.INFO  [x] Sent b'A\xd8*Oa\x80\x00\x00B\xaf33'
2024-06-04 08:17:14,627.emitter_of_tasks.INFO connection closed: host='localhost', queue_name='01-smoker'
2024-06-04 08:17:44,628.emitter_of_tasks.INFO 05/22/21 12:21:15 - Row Injested: smokerTemp='87.6', foodATemp='', foodBTemp=''
2024-06-04 08:17:44,630.emitter_of_tasks.INFO calling send_message('localhost', '01-smoker', message)
2024-06-04 08:17:44,631.emitter_of_tasks.INFO send_message(host='localhost', queue_name='01-smoker', message=b'A\xd8*Ob\xc0\x00\x00B\xaf33')
2024-06-04 08:17:44,652.emitter_of_tasks.INFO connection opened: host='localhost', queue_name='01-smoker'
2024-06-04 08:17:44,655.emitter_of_tasks.INFO  [x] Sent b'A\xd8*Ob\xc0\x00\x00B\xaf33'
2024-06-04 08:17:44,658.emitter_of_tasks.INFO connection closed: host='localhost', queue_name='01-smoker'
2024-06-04 08:18:14,660.emitter_of_tasks.INFO 05/22/21 12:22:10 - Row Injested: smokerTemp='86.3', foodATemp='', foodBTemp=''
2024-06-04 08:18:14,661.emitter_of_tasks.INFO calling send_message('localhost', '01-smoker', message)
2024-06-04 08:18:14,662.emitter_of_tasks.INFO send_message(host='localhost', queue_name='01-smoker', message=b'A\xd8*Op\x80\x00\x00B\xac\x99\x9a')
2024-06-04 08:18:14,691.emitter_of_tasks.INFO connection opened: host='localhost', queue_name='01-smoker'
2024-06-04 08:18:14,694.emitter_of_tasks.INFO  [x] Sent b'A\xd8*Op\x80\x00\x00B\xac\x99\x9a'
2024-06-04 08:18:14,697.emitter_of_tasks.INFO connection closed: host='localhost', queue_name='01-smoker'
2024-06-04 08:18:44,698.emitter_of_tasks.INFO 05/22/21 12:22:15 - Row Injested: smokerTemp='86.3', foodATemp='', foodBTemp=''
2024-06-04 08:18:44,700.emitter_of_tasks.INFO calling send_message('localhost', '01-smoker', message)
2024-06-04 08:18:44,700.emitter_of_tasks.INFO send_message(host='localhost', queue_name='01-smoker', message=b'A\xd8*Oq\xc0\x00\x00B\xac\x99\x9a')
2024-06-04 08:18:44,718.emitter_of_tasks.INFO connection opened: host='localhost', queue_name='01-smoker'
2024-06-04 08:18:44,720.emitter_of_tasks.INFO  [x] Sent b'A\xd8*Oq\xc0\x00\x00B\xac\x99\x9a'
2024-06-04 08:18:44,722.emitter_of_tasks.INFO connection closed: host='localhost', queue_name='01-smoker'
